
C:\Users\Hassan\AppData\Local\Temp\arduino\sketches\84C564EA3F1C349E4D3AE604F96890F6/ff.ino.elf:     file format elf32-avr


Disassembly of section .text:

00000000 <__vectors>:
__vectors():
   0:	0c 94 2a 00 	jmp	0x54	; 0x54 <__ctors_end>
   4:	0c 94 1e 01 	jmp	0x23c	; 0x23c <__vector_1>
   8:	0c 94 d7 00 	jmp	0x1ae	; 0x1ae <__vector_2>
   c:	0c 94 f1 00 	jmp	0x1e2	; 0x1e2 <__vector_3>
  10:	0c 94 47 00 	jmp	0x8e	; 0x8e <__bad_interrupt>
  14:	0c 94 47 00 	jmp	0x8e	; 0x8e <__bad_interrupt>
  18:	0c 94 47 00 	jmp	0x8e	; 0x8e <__bad_interrupt>
  1c:	0c 94 4f 00 	jmp	0x9e	; 0x9e <__vector_7>
  20:	0c 94 47 00 	jmp	0x8e	; 0x8e <__bad_interrupt>
  24:	0c 94 47 00 	jmp	0x8e	; 0x8e <__bad_interrupt>
  28:	0c 94 47 00 	jmp	0x8e	; 0x8e <__bad_interrupt>
  2c:	0c 94 47 00 	jmp	0x8e	; 0x8e <__bad_interrupt>
  30:	0c 94 47 00 	jmp	0x8e	; 0x8e <__bad_interrupt>
  34:	0c 94 47 00 	jmp	0x8e	; 0x8e <__bad_interrupt>
  38:	0c 94 47 00 	jmp	0x8e	; 0x8e <__bad_interrupt>
  3c:	0c 94 47 00 	jmp	0x8e	; 0x8e <__bad_interrupt>
  40:	0c 94 47 00 	jmp	0x8e	; 0x8e <__bad_interrupt>
  44:	0c 94 47 00 	jmp	0x8e	; 0x8e <__bad_interrupt>
  48:	0c 94 47 00 	jmp	0x8e	; 0x8e <__bad_interrupt>
  4c:	0c 94 47 00 	jmp	0x8e	; 0x8e <__bad_interrupt>
  50:	0c 94 47 00 	jmp	0x8e	; 0x8e <__bad_interrupt>

00000054 <__ctors_end>:
__trampolines_start():
  54:	11 24       	eor	r1, r1
  56:	1f be       	out	0x3f, r1	; 63
  58:	cf e5       	ldi	r28, 0x5F	; 95
  5a:	d8 e0       	ldi	r29, 0x08	; 8
  5c:	de bf       	out	0x3e, r29	; 62
  5e:	cd bf       	out	0x3d, r28	; 61

00000060 <__do_copy_data>:
__do_copy_data():
/home/jenkins-mingw32/workspace/avr-gcc-staging/label/Ubuntu14.04x64-mingw32/gcc-build/avr/avr5/libgcc/../../../../gcc/libgcc/config/avr/lib1funcs.S:2409
  60:	10 e0       	ldi	r17, 0x00	; 0
/home/jenkins-mingw32/workspace/avr-gcc-staging/label/Ubuntu14.04x64-mingw32/gcc-build/avr/avr5/libgcc/../../../../gcc/libgcc/config/avr/lib1funcs.S:2410
  62:	a0 e6       	ldi	r26, 0x60	; 96
/home/jenkins-mingw32/workspace/avr-gcc-staging/label/Ubuntu14.04x64-mingw32/gcc-build/avr/avr5/libgcc/../../../../gcc/libgcc/config/avr/lib1funcs.S:2411
  64:	b0 e0       	ldi	r27, 0x00	; 0
/home/jenkins-mingw32/workspace/avr-gcc-staging/label/Ubuntu14.04x64-mingw32/gcc-build/avr/avr5/libgcc/../../../../gcc/libgcc/config/avr/lib1funcs.S:2412
  66:	e8 e7       	ldi	r30, 0x78	; 120
/home/jenkins-mingw32/workspace/avr-gcc-staging/label/Ubuntu14.04x64-mingw32/gcc-build/avr/avr5/libgcc/../../../../gcc/libgcc/config/avr/lib1funcs.S:2413
  68:	f4 e0       	ldi	r31, 0x04	; 4
/home/jenkins-mingw32/workspace/avr-gcc-staging/label/Ubuntu14.04x64-mingw32/gcc-build/avr/avr5/libgcc/../../../../gcc/libgcc/config/avr/lib1funcs.S:2414
  6a:	02 c0       	rjmp	.+4      	; 0x70 <__do_copy_data+0x10>
/home/jenkins-mingw32/workspace/avr-gcc-staging/label/Ubuntu14.04x64-mingw32/gcc-build/avr/avr5/libgcc/../../../../gcc/libgcc/config/avr/lib1funcs.S:2417
  6c:	05 90       	lpm	r0, Z+
/home/jenkins-mingw32/workspace/avr-gcc-staging/label/Ubuntu14.04x64-mingw32/gcc-build/avr/avr5/libgcc/../../../../gcc/libgcc/config/avr/lib1funcs.S:2422
  6e:	0d 92       	st	X+, r0
/home/jenkins-mingw32/workspace/avr-gcc-staging/label/Ubuntu14.04x64-mingw32/gcc-build/avr/avr5/libgcc/../../../../gcc/libgcc/config/avr/lib1funcs.S:2424
  70:	a2 36       	cpi	r26, 0x62	; 98
/home/jenkins-mingw32/workspace/avr-gcc-staging/label/Ubuntu14.04x64-mingw32/gcc-build/avr/avr5/libgcc/../../../../gcc/libgcc/config/avr/lib1funcs.S:2425
  72:	b1 07       	cpc	r27, r17
/home/jenkins-mingw32/workspace/avr-gcc-staging/label/Ubuntu14.04x64-mingw32/gcc-build/avr/avr5/libgcc/../../../../gcc/libgcc/config/avr/lib1funcs.S:2426
  74:	d9 f7       	brne	.-10     	; 0x6c <__do_copy_data+0xc>

00000076 <__do_clear_bss>:
__do_clear_bss():
/home/jenkins-mingw32/workspace/avr-gcc-staging/label/Ubuntu14.04x64-mingw32/gcc-build/avr/avr5/libgcc/../../../../gcc/libgcc/config/avr/lib1funcs.S:2441
  76:	20 e0       	ldi	r18, 0x00	; 0
/home/jenkins-mingw32/workspace/avr-gcc-staging/label/Ubuntu14.04x64-mingw32/gcc-build/avr/avr5/libgcc/../../../../gcc/libgcc/config/avr/lib1funcs.S:2442
  78:	a2 e6       	ldi	r26, 0x62	; 98
/home/jenkins-mingw32/workspace/avr-gcc-staging/label/Ubuntu14.04x64-mingw32/gcc-build/avr/avr5/libgcc/../../../../gcc/libgcc/config/avr/lib1funcs.S:2443
  7a:	b0 e0       	ldi	r27, 0x00	; 0
/home/jenkins-mingw32/workspace/avr-gcc-staging/label/Ubuntu14.04x64-mingw32/gcc-build/avr/avr5/libgcc/../../../../gcc/libgcc/config/avr/lib1funcs.S:2444
  7c:	01 c0       	rjmp	.+2      	; 0x80 <.do_clear_bss_start>

0000007e <.do_clear_bss_loop>:
/home/jenkins-mingw32/workspace/avr-gcc-staging/label/Ubuntu14.04x64-mingw32/gcc-build/avr/avr5/libgcc/../../../../gcc/libgcc/config/avr/lib1funcs.S:2446
  7e:	1d 92       	st	X+, r1

00000080 <.do_clear_bss_start>:
/home/jenkins-mingw32/workspace/avr-gcc-staging/label/Ubuntu14.04x64-mingw32/gcc-build/avr/avr5/libgcc/../../../../gcc/libgcc/config/avr/lib1funcs.S:2448
  80:	a8 37       	cpi	r26, 0x78	; 120
/home/jenkins-mingw32/workspace/avr-gcc-staging/label/Ubuntu14.04x64-mingw32/gcc-build/avr/avr5/libgcc/../../../../gcc/libgcc/config/avr/lib1funcs.S:2449
  82:	b2 07       	cpc	r27, r18
/home/jenkins-mingw32/workspace/avr-gcc-staging/label/Ubuntu14.04x64-mingw32/gcc-build/avr/avr5/libgcc/../../../../gcc/libgcc/config/avr/lib1funcs.S:2450
  84:	e1 f7       	brne	.-8      	; 0x7e <.do_clear_bss_loop>
.do_clear_bss_start():
  86:	0e 94 3e 01 	call	0x27c	; 0x27c <main>
  8a:	0c 94 3a 02 	jmp	0x474	; 0x474 <_exit>

0000008e <__bad_interrupt>:
__vector_12():
  8e:	0c 94 00 00 	jmp	0	; 0x0 <__vectors>

00000092 <TIMER0_PWM(int)>:
_Z10TIMER0_PWMi():
C:\Users\Hassan\Documents\Arduino\ff/ff.ino:124

}

void TIMER0_PWM(int PWM)
{
  TCNT0 = 0;
  92:	12 be       	out	0x32, r1	; 50
C:\Users\Hassan\Documents\Arduino\ff/ff.ino:125
  OCR0 = PWM;
  94:	8c bf       	out	0x3c, r24	; 60
C:\Users\Hassan\Documents\Arduino\ff/ff.ino:126
  DDRB |= (1<<PB3);
  96:	bb 9a       	sbi	0x17, 3	; 23
C:\Users\Hassan\Documents\Arduino\ff/ff.ino:128

  TCCR0 = (1<<WGM00) | (1<<WGM01) | (1<<COM01) | (1<<CS01);
  98:	8a e6       	ldi	r24, 0x6A	; 106
  9a:	83 bf       	out	0x33, r24	; 51
C:\Users\Hassan\Documents\Arduino\ff/ff.ino:130

}
  9c:	08 95       	ret

0000009e <__vector_7>:
__vector_7():
C:\Users\Hassan\Documents\Arduino\ff/ff.ino:110
}



ISR(TIMER1_COMPA_vect)
{
  9e:	1f 92       	push	r1
  a0:	0f 92       	push	r0
  a2:	0f b6       	in	r0, 0x3f	; 63
  a4:	0f 92       	push	r0
  a6:	11 24       	eor	r1, r1
  a8:	2f 93       	push	r18
  aa:	3f 93       	push	r19
  ac:	4f 93       	push	r20
  ae:	5f 93       	push	r21
  b0:	6f 93       	push	r22
  b2:	7f 93       	push	r23
  b4:	8f 93       	push	r24
  b6:	9f 93       	push	r25
  b8:	af 93       	push	r26
  ba:	bf 93       	push	r27
  bc:	ef 93       	push	r30
  be:	ff 93       	push	r31
C:\Users\Hassan\Documents\Arduino\ff/ff.ino:111
	counter++;
  c0:	80 91 68 00 	lds	r24, 0x0068	; 0x800068 <counter>
  c4:	90 91 69 00 	lds	r25, 0x0069	; 0x800069 <counter+0x1>
  c8:	01 96       	adiw	r24, 0x01	; 1
  ca:	90 93 69 00 	sts	0x0069, r25	; 0x800069 <counter+0x1>
  ce:	80 93 68 00 	sts	0x0068, r24	; 0x800068 <counter>
C:\Users\Hassan\Documents\Arduino\ff/ff.ino:113

  secs_0 = counter % 10;
  d2:	80 91 68 00 	lds	r24, 0x0068	; 0x800068 <counter>
  d6:	90 91 69 00 	lds	r25, 0x0069	; 0x800069 <counter+0x1>
  da:	2a e0       	ldi	r18, 0x0A	; 10
  dc:	30 e0       	ldi	r19, 0x00	; 0
  de:	b9 01       	movw	r22, r18
  e0:	0e 94 26 02 	call	0x44c	; 0x44c <__udivmodhi4>
  e4:	90 93 6b 00 	sts	0x006B, r25	; 0x80006b <secs_0+0x1>
  e8:	80 93 6a 00 	sts	0x006A, r24	; 0x80006a <secs_0>
C:\Users\Hassan\Documents\Arduino\ff/ff.ino:114
  secs_1 = (counter / 10) % 6;
  ec:	80 91 68 00 	lds	r24, 0x0068	; 0x800068 <counter>
  f0:	90 91 69 00 	lds	r25, 0x0069	; 0x800069 <counter+0x1>
  f4:	b9 01       	movw	r22, r18
  f6:	0e 94 26 02 	call	0x44c	; 0x44c <__udivmodhi4>
  fa:	cb 01       	movw	r24, r22
  fc:	e6 e0       	ldi	r30, 0x06	; 6
  fe:	f0 e0       	ldi	r31, 0x00	; 0
 100:	bf 01       	movw	r22, r30
 102:	0e 94 26 02 	call	0x44c	; 0x44c <__udivmodhi4>
 106:	90 93 6d 00 	sts	0x006D, r25	; 0x80006d <secs_1+0x1>
 10a:	80 93 6c 00 	sts	0x006C, r24	; 0x80006c <secs_1>
C:\Users\Hassan\Documents\Arduino\ff/ff.ino:115
  mins_0 = (counter / 60) % 10;
 10e:	80 91 68 00 	lds	r24, 0x0068	; 0x800068 <counter>
 112:	90 91 69 00 	lds	r25, 0x0069	; 0x800069 <counter+0x1>
 116:	6c e3       	ldi	r22, 0x3C	; 60
 118:	70 e0       	ldi	r23, 0x00	; 0
 11a:	0e 94 26 02 	call	0x44c	; 0x44c <__udivmodhi4>
 11e:	cb 01       	movw	r24, r22
 120:	b9 01       	movw	r22, r18
 122:	0e 94 26 02 	call	0x44c	; 0x44c <__udivmodhi4>
 126:	90 93 6f 00 	sts	0x006F, r25	; 0x80006f <mins_0+0x1>
 12a:	80 93 6e 00 	sts	0x006E, r24	; 0x80006e <mins_0>
C:\Users\Hassan\Documents\Arduino\ff/ff.ino:116
  mins_1 = (counter / 600) % 6;
 12e:	80 91 68 00 	lds	r24, 0x0068	; 0x800068 <counter>
 132:	90 91 69 00 	lds	r25, 0x0069	; 0x800069 <counter+0x1>
 136:	68 e5       	ldi	r22, 0x58	; 88
 138:	72 e0       	ldi	r23, 0x02	; 2
 13a:	0e 94 26 02 	call	0x44c	; 0x44c <__udivmodhi4>
 13e:	cb 01       	movw	r24, r22
 140:	bf 01       	movw	r22, r30
 142:	0e 94 26 02 	call	0x44c	; 0x44c <__udivmodhi4>
 146:	90 93 71 00 	sts	0x0071, r25	; 0x800071 <mins_1+0x1>
 14a:	80 93 70 00 	sts	0x0070, r24	; 0x800070 <mins_1>
C:\Users\Hassan\Documents\Arduino\ff/ff.ino:117
  hours_0 = (counter / 3600) % 10;
 14e:	80 91 68 00 	lds	r24, 0x0068	; 0x800068 <counter>
 152:	90 91 69 00 	lds	r25, 0x0069	; 0x800069 <counter+0x1>
 156:	60 e1       	ldi	r22, 0x10	; 16
 158:	7e e0       	ldi	r23, 0x0E	; 14
 15a:	0e 94 26 02 	call	0x44c	; 0x44c <__udivmodhi4>
 15e:	cb 01       	movw	r24, r22
 160:	b9 01       	movw	r22, r18
 162:	0e 94 26 02 	call	0x44c	; 0x44c <__udivmodhi4>
 166:	90 93 73 00 	sts	0x0073, r25	; 0x800073 <hours_0+0x1>
 16a:	80 93 72 00 	sts	0x0072, r24	; 0x800072 <hours_0>
C:\Users\Hassan\Documents\Arduino\ff/ff.ino:118
  hours_1 = (counter / 36000) % 10;
 16e:	20 91 68 00 	lds	r18, 0x0068	; 0x800068 <counter>
 172:	30 91 69 00 	lds	r19, 0x0069	; 0x800069 <counter+0x1>
 176:	81 e0       	ldi	r24, 0x01	; 1
 178:	90 e0       	ldi	r25, 0x00	; 0
 17a:	20 3a       	cpi	r18, 0xA0	; 160
 17c:	3c 48       	sbci	r19, 0x8C	; 140
 17e:	10 f4       	brcc	.+4      	; 0x184 <__vector_7+0xe6>
 180:	90 e0       	ldi	r25, 0x00	; 0
 182:	80 e0       	ldi	r24, 0x00	; 0
 184:	90 93 75 00 	sts	0x0075, r25	; 0x800075 <hours_1+0x1>
 188:	80 93 74 00 	sts	0x0074, r24	; 0x800074 <hours_1>
C:\Users\Hassan\Documents\Arduino\ff/ff.ino:120

}
 18c:	ff 91       	pop	r31
 18e:	ef 91       	pop	r30
 190:	bf 91       	pop	r27
 192:	af 91       	pop	r26
 194:	9f 91       	pop	r25
 196:	8f 91       	pop	r24
 198:	7f 91       	pop	r23
 19a:	6f 91       	pop	r22
 19c:	5f 91       	pop	r21
 19e:	4f 91       	pop	r20
 1a0:	3f 91       	pop	r19
 1a2:	2f 91       	pop	r18
 1a4:	0f 90       	pop	r0
 1a6:	0f be       	out	0x3f, r0	; 63
 1a8:	0f 90       	pop	r0
 1aa:	1f 90       	pop	r1
 1ac:	18 95       	reti

000001ae <__vector_2>:
__vector_2():
C:\Users\Hassan\Documents\Arduino\ff/ff.ino:101
  }
	
}

ISR(INT1_vect)
{
 1ae:	1f 92       	push	r1
 1b0:	0f 92       	push	r0
 1b2:	0f b6       	in	r0, 0x3f	; 63
 1b4:	0f 92       	push	r0
 1b6:	11 24       	eor	r1, r1
 1b8:	2f 93       	push	r18
 1ba:	8f 93       	push	r24
 1bc:	9f 93       	push	r25
C:\Users\Hassan\Documents\Arduino\ff/ff.ino:103
	
  PIR_Flag ^= (1<<0);
 1be:	80 91 76 00 	lds	r24, 0x0076	; 0x800076 <PIR_Flag>
 1c2:	90 91 77 00 	lds	r25, 0x0077	; 0x800077 <PIR_Flag+0x1>
 1c6:	21 e0       	ldi	r18, 0x01	; 1
 1c8:	82 27       	eor	r24, r18
 1ca:	90 93 77 00 	sts	0x0077, r25	; 0x800077 <PIR_Flag+0x1>
 1ce:	80 93 76 00 	sts	0x0076, r24	; 0x800076 <PIR_Flag>
C:\Users\Hassan\Documents\Arduino\ff/ff.ino:105
	
}
 1d2:	9f 91       	pop	r25
 1d4:	8f 91       	pop	r24
 1d6:	2f 91       	pop	r18
 1d8:	0f 90       	pop	r0
 1da:	0f be       	out	0x3f, r0	; 63
 1dc:	0f 90       	pop	r0
 1de:	1f 90       	pop	r1
 1e0:	18 95       	reti

000001e2 <__vector_3>:
__vector_3():
C:\Users\Hassan\Documents\Arduino\ff/ff.ino:85

  
}

ISR(INT2_vect)
{
 1e2:	1f 92       	push	r1
 1e4:	0f 92       	push	r0
 1e6:	0f b6       	in	r0, 0x3f	; 63
 1e8:	0f 92       	push	r0
 1ea:	11 24       	eor	r1, r1
 1ec:	8f 93       	push	r24
 1ee:	9f 93       	push	r25
C:\Users\Hassan\Documents\Arduino\ff/ff.ino:86
  if (speed >= 30){
 1f0:	80 91 60 00 	lds	r24, 0x0060	; 0x800060 <__DATA_REGION_ORIGIN__>
 1f4:	90 91 61 00 	lds	r25, 0x0061	; 0x800061 <__DATA_REGION_ORIGIN__+0x1>
 1f8:	8e 31       	cpi	r24, 0x1E	; 30
 1fa:	91 05       	cpc	r25, r1
 1fc:	9c f0       	brlt	.+38     	; 0x224 <__vector_3+0x42>
C:\Users\Hassan\Documents\Arduino\ff/ff.ino:87
	speed -= 25;
 1fe:	49 97       	sbiw	r24, 0x19	; 25
C:\Users\Hassan\Documents\Arduino\ff/ff.ino:88
  if (speed == 5)
 200:	85 30       	cpi	r24, 0x05	; 5
 202:	91 05       	cpc	r25, r1
 204:	b1 f0       	breq	.+44     	; 0x232 <__vector_3+0x50>
C:\Users\Hassan\Documents\Arduino\ff/ff.ino:87
}

ISR(INT2_vect)
{
  if (speed >= 30){
	speed -= 25;
 206:	90 93 61 00 	sts	0x0061, r25	; 0x800061 <__DATA_REGION_ORIGIN__+0x1>
 20a:	80 93 60 00 	sts	0x0060, r24	; 0x800060 <__DATA_REGION_ORIGIN__>
C:\Users\Hassan\Documents\Arduino\ff/ff.ino:92
  if (speed == 5)
  {
    speed = 0;
  }
  if (speed <= 0)
 20e:	80 91 60 00 	lds	r24, 0x0060	; 0x800060 <__DATA_REGION_ORIGIN__>
 212:	90 91 61 00 	lds	r25, 0x0061	; 0x800061 <__DATA_REGION_ORIGIN__+0x1>
 216:	18 16       	cp	r1, r24
 218:	19 06       	cpc	r1, r25
 21a:	24 f0       	brlt	.+8      	; 0x224 <__vector_3+0x42>
C:\Users\Hassan\Documents\Arduino\ff/ff.ino:94
  {
    speed = 0;
 21c:	10 92 61 00 	sts	0x0061, r1	; 0x800061 <__DATA_REGION_ORIGIN__+0x1>
 220:	10 92 60 00 	sts	0x0060, r1	; 0x800060 <__DATA_REGION_ORIGIN__>
C:\Users\Hassan\Documents\Arduino\ff/ff.ino:98
  }
  }
	
}
 224:	9f 91       	pop	r25
 226:	8f 91       	pop	r24
 228:	0f 90       	pop	r0
 22a:	0f be       	out	0x3f, r0	; 63
 22c:	0f 90       	pop	r0
 22e:	1f 90       	pop	r1
 230:	18 95       	reti
C:\Users\Hassan\Documents\Arduino\ff/ff.ino:90
{
  if (speed >= 30){
	speed -= 25;
  if (speed == 5)
  {
    speed = 0;
 232:	10 92 61 00 	sts	0x0061, r1	; 0x800061 <__DATA_REGION_ORIGIN__+0x1>
 236:	10 92 60 00 	sts	0x0060, r1	; 0x800060 <__DATA_REGION_ORIGIN__>
 23a:	e9 cf       	rjmp	.-46     	; 0x20e <__vector_3+0x2c>

0000023c <__vector_1>:
__vector_1():
C:\Users\Hassan\Documents\Arduino\ff/ff.ino:69

  
}

ISR(INT0_vect)
{
 23c:	1f 92       	push	r1
 23e:	0f 92       	push	r0
 240:	0f b6       	in	r0, 0x3f	; 63
 242:	0f 92       	push	r0
 244:	11 24       	eor	r1, r1
 246:	8f 93       	push	r24
 248:	9f 93       	push	r25
C:\Users\Hassan\Documents\Arduino\ff/ff.ino:71
  
  if(speed < 255)
 24a:	80 91 60 00 	lds	r24, 0x0060	; 0x800060 <__DATA_REGION_ORIGIN__>
 24e:	90 91 61 00 	lds	r25, 0x0061	; 0x800061 <__DATA_REGION_ORIGIN__+0x1>
 252:	8f 3f       	cpi	r24, 0xFF	; 255
 254:	91 05       	cpc	r25, r1
 256:	44 f4       	brge	.+16     	; 0x268 <__vector_1+0x2c>
C:\Users\Hassan\Documents\Arduino\ff/ff.ino:73
  {
	speed += 25;
 258:	49 96       	adiw	r24, 0x19	; 25
C:\Users\Hassan\Documents\Arduino\ff/ff.ino:75

  if (speed >= 255)
 25a:	8f 3f       	cpi	r24, 0xFF	; 255
 25c:	91 05       	cpc	r25, r1
 25e:	5c f4       	brge	.+22     	; 0x276 <__vector_1+0x3a>
C:\Users\Hassan\Documents\Arduino\ff/ff.ino:77
  {
    speed = 255;
 260:	90 93 61 00 	sts	0x0061, r25	; 0x800061 <__DATA_REGION_ORIGIN__+0x1>
 264:	80 93 60 00 	sts	0x0060, r24	; 0x800060 <__DATA_REGION_ORIGIN__>
C:\Users\Hassan\Documents\Arduino\ff/ff.ino:82
  }
  }

  
}
 268:	9f 91       	pop	r25
 26a:	8f 91       	pop	r24
 26c:	0f 90       	pop	r0
 26e:	0f be       	out	0x3f, r0	; 63
 270:	0f 90       	pop	r0
 272:	1f 90       	pop	r1
 274:	18 95       	reti
C:\Users\Hassan\Documents\Arduino\ff/ff.ino:77
  {
	speed += 25;

  if (speed >= 255)
  {
    speed = 255;
 276:	8f ef       	ldi	r24, 0xFF	; 255
 278:	90 e0       	ldi	r25, 0x00	; 0
 27a:	f2 cf       	rjmp	.-28     	; 0x260 <__vector_1+0x24>

0000027c <main>:
main():
C:\Users\Hassan\Documents\Arduino\ff/ff.ino:134

}

int main()
{
	DDRC = 0x0F;
 27c:	8f e0       	ldi	r24, 0x0F	; 15
 27e:	84 bb       	out	0x14, r24	; 20
C:\Users\Hassan\Documents\Arduino\ff/ff.ino:136
	//DDRA = 0x3F;
  DDRA = 0xFF;
 280:	8f ef       	ldi	r24, 0xFF	; 255
 282:	8a bb       	out	0x1a, r24	; 26
C:\Users\Hassan\Documents\Arduino\ff/ff.ino:137
  DDRD |= (1<<PD3);
 284:	8b 9a       	sbi	0x11, 3	; 17
C:\Users\Hassan\Documents\Arduino\ff/ff.ino:139
	
	DDRB = (1<<PB0) | (1<<PB1) | (1<<PB3);
 286:	8b e0       	ldi	r24, 0x0B	; 11
 288:	87 bb       	out	0x17, r24	; 23
C:\Users\Hassan\Documents\Arduino\ff/ff.ino:140
	DDRD &= ~((1<<PD3));
 28a:	8b 98       	cbi	0x11, 3	; 17
C:\Users\Hassan\Documents\Arduino\ff/ff.ino:141
  DDRB &= ~((1<<PB4) | (1<<PB5));
 28c:	87 b3       	in	r24, 0x17	; 23
 28e:	8f 7c       	andi	r24, 0xCF	; 207
 290:	87 bb       	out	0x17, r24	; 23
Timer1_CTC():
C:\Users\Hassan\Documents\Arduino\ff/ff.ino:58



void Timer1_CTC(void)
{
	TCCR1B = (1<<WGM12) | (1<<CS12) | (1<<CS10);
 292:	8d e0       	ldi	r24, 0x0D	; 13
 294:	8e bd       	out	0x2e, r24	; 46
C:\Users\Hassan\Documents\Arduino\ff/ff.ino:59
	TCNT1 = 0;
 296:	1d bc       	out	0x2d, r1	; 45
 298:	1c bc       	out	0x2c, r1	; 44
C:\Users\Hassan\Documents\Arduino\ff/ff.ino:60
	OCR1A = 1000;
 29a:	88 ee       	ldi	r24, 0xE8	; 232
 29c:	93 e0       	ldi	r25, 0x03	; 3
 29e:	9b bd       	out	0x2b, r25	; 43
 2a0:	8a bd       	out	0x2a, r24	; 42
C:\Users\Hassan\Documents\Arduino\ff/ff.ino:61
	TIMSK |= (1<<OCIE1A);
 2a2:	89 b7       	in	r24, 0x39	; 57
 2a4:	80 61       	ori	r24, 0x10	; 16
 2a6:	89 bf       	out	0x39, r24	; 57
C:\Users\Hassan\Documents\Arduino\ff/ff.ino:62
	TCCR1A = (1<<FOC1A);
 2a8:	88 e0       	ldi	r24, 0x08	; 8
 2aa:	8f bd       	out	0x2f, r24	; 47
C:\Users\Hassan\Documents\Arduino\ff/ff.ino:63
	SREG |= (1<<7);
 2ac:	8f b7       	in	r24, 0x3f	; 63
 2ae:	80 68       	ori	r24, 0x80	; 128
 2b0:	8f bf       	out	0x3f, r24	; 63
INT1_INIT():
C:\Users\Hassan\Documents\Arduino\ff/ff.ino:36
}

void INT1_INIT(void)
{
  
  DDRD &= ~(1<<PD3);
 2b2:	8b 98       	cbi	0x11, 3	; 17
C:\Users\Hassan\Documents\Arduino\ff/ff.ino:37
  PORTD |= (1<<PD3);
 2b4:	93 9a       	sbi	0x12, 3	; 18
C:\Users\Hassan\Documents\Arduino\ff/ff.ino:38
  GICR |= (1<<INT1);
 2b6:	8b b7       	in	r24, 0x3b	; 59
 2b8:	80 68       	ori	r24, 0x80	; 128
 2ba:	8b bf       	out	0x3b, r24	; 59
C:\Users\Hassan\Documents\Arduino\ff/ff.ino:39
  MCUCR |= (1<<ISC11) | (1<<ISC10);
 2bc:	85 b7       	in	r24, 0x35	; 53
 2be:	8c 60       	ori	r24, 0x0C	; 12
 2c0:	85 bf       	out	0x35, r24	; 53
C:\Users\Hassan\Documents\Arduino\ff/ff.ino:40
  SREG |= (1<<7);
 2c2:	8f b7       	in	r24, 0x3f	; 63
 2c4:	80 68       	ori	r24, 0x80	; 128
 2c6:	8f bf       	out	0x3f, r24	; 63
INT0_INIT():
C:\Users\Hassan\Documents\Arduino\ff/ff.ino:25
int speed = 130;

void INT0_INIT(void)
{
  
  DDRD &= ~(1<<PD2);
 2c8:	8a 98       	cbi	0x11, 2	; 17
C:\Users\Hassan\Documents\Arduino\ff/ff.ino:26
  PORTD |= (1<<PD2);
 2ca:	92 9a       	sbi	0x12, 2	; 18
C:\Users\Hassan\Documents\Arduino\ff/ff.ino:27
  GICR |= (1<<INT0);
 2cc:	8b b7       	in	r24, 0x3b	; 59
 2ce:	80 64       	ori	r24, 0x40	; 64
 2d0:	8b bf       	out	0x3b, r24	; 59
C:\Users\Hassan\Documents\Arduino\ff/ff.ino:28
  MCUCR |= (1<<ISC01);
 2d2:	85 b7       	in	r24, 0x35	; 53
 2d4:	82 60       	ori	r24, 0x02	; 2
 2d6:	85 bf       	out	0x35, r24	; 53
C:\Users\Hassan\Documents\Arduino\ff/ff.ino:29
  SREG |= (1<<7);
 2d8:	8f b7       	in	r24, 0x3f	; 63
 2da:	80 68       	ori	r24, 0x80	; 128
 2dc:	8f bf       	out	0x3f, r24	; 63
INT2_INIT():
C:\Users\Hassan\Documents\Arduino\ff/ff.ino:46

}
void INT2_INIT(void)
{
  
  DDRD &= ~(1<<PB2);
 2de:	8a 98       	cbi	0x11, 2	; 17
C:\Users\Hassan\Documents\Arduino\ff/ff.ino:47
  PORTD |= (1<<PB2);
 2e0:	92 9a       	sbi	0x12, 2	; 18
C:\Users\Hassan\Documents\Arduino\ff/ff.ino:48
  GICR |= (1<<INT2);
 2e2:	8b b7       	in	r24, 0x3b	; 59
 2e4:	80 62       	ori	r24, 0x20	; 32
 2e6:	8b bf       	out	0x3b, r24	; 59
C:\Users\Hassan\Documents\Arduino\ff/ff.ino:49
  MCUCSR &= ~(1<<ISC2);
 2e8:	84 b7       	in	r24, 0x34	; 52
 2ea:	8f 7b       	andi	r24, 0xBF	; 191
 2ec:	84 bf       	out	0x34, r24	; 52
C:\Users\Hassan\Documents\Arduino\ff/ff.ino:50
  SREG |= (1<<7);
 2ee:	8f b7       	in	r24, 0x3f	; 63
 2f0:	80 68       	ori	r24, 0x80	; 128
 2f2:	8f bf       	out	0x3f, r24	; 63
main():
C:\Users\Hassan\Documents\Arduino\ff/ff.ino:213
    
  }
  else if(PINB & (1<<PB4))
  {
    PORTB |= (1<<PB0);
    speed = 130;
 2f4:	c2 e8       	ldi	r28, 0x82	; 130
 2f6:	d0 e0       	ldi	r29, 0x00	; 0
C:\Users\Hassan\Documents\Arduino\ff/ff.ino:154
	
	
	while(1)
	{

  if(PIR_Flag == 1){
 2f8:	80 91 76 00 	lds	r24, 0x0076	; 0x800076 <PIR_Flag>
 2fc:	90 91 77 00 	lds	r25, 0x0077	; 0x800077 <PIR_Flag+0x1>
 300:	01 97       	sbiw	r24, 0x01	; 1
 302:	09 f0       	breq	.+2      	; 0x306 <main+0x8a>
 304:	81 c0       	rjmp	.+258    	; 0x408 <__LOCK_REGION_LENGTH__+0x8>
C:\Users\Hassan\Documents\Arduino\ff/ff.ino:156
     
  PORTB |= (1<<PB0);
 306:	c0 9a       	sbi	0x18, 0	; 24
C:\Users\Hassan\Documents\Arduino\ff/ff.ino:158

  TIMER0_PWM(speed);
 308:	80 91 60 00 	lds	r24, 0x0060	; 0x800060 <__DATA_REGION_ORIGIN__>
 30c:	90 91 61 00 	lds	r25, 0x0061	; 0x800061 <__DATA_REGION_ORIGIN__+0x1>
 310:	0e 94 49 00 	call	0x92	; 0x92 <TIMER0_PWM(int)>
C:\Users\Hassan\Documents\Arduino\ff/ff.ino:160

  PORTC = (PORTC & 0xf0) | (hours_1 & 0x0f);
 314:	85 b3       	in	r24, 0x15	; 21
 316:	20 91 74 00 	lds	r18, 0x0074	; 0x800074 <hours_1>
 31a:	30 91 75 00 	lds	r19, 0x0075	; 0x800075 <hours_1+0x1>
 31e:	80 7f       	andi	r24, 0xF0	; 240
 320:	2f 70       	andi	r18, 0x0F	; 15
 322:	82 2b       	or	r24, r18
 324:	85 bb       	out	0x15, r24	; 21
C:\Users\Hassan\Documents\Arduino\ff/ff.ino:161
  PORTA |= (1<<PA0);
 326:	d8 9a       	sbi	0x1b, 0	; 27
_delay_ms():
c:\users\hassan\appdata\local\arduino15\packages\arduino\tools\avr-gcc\7.3.0-atmel3.6.1-arduino7\avr\include\util/delay.h:187
	#else
		//round up by default
		__ticks_dc = (uint32_t)(ceil(fabs(__tmp)));
	#endif

	__builtin_avr_delay_cycles(__ticks_dc);
 328:	8f e8       	ldi	r24, 0x8F	; 143
 32a:	91 e0       	ldi	r25, 0x01	; 1
 32c:	01 97       	sbiw	r24, 0x01	; 1
 32e:	f1 f7       	brne	.-4      	; 0x32c <main+0xb0>
 330:	00 c0       	rjmp	.+0      	; 0x332 <main+0xb6>
 332:	00 00       	nop
main():
C:\Users\Hassan\Documents\Arduino\ff/ff.ino:163
	_delay_ms(0.1);
  PORTA &= ~(1<<PA0);
 334:	d8 98       	cbi	0x1b, 0	; 27
C:\Users\Hassan\Documents\Arduino\ff/ff.ino:165
	
	PORTA |= (1<<1);
 336:	d9 9a       	sbi	0x1b, 1	; 27
C:\Users\Hassan\Documents\Arduino\ff/ff.ino:166
	PORTC = (PORTC & 0xf0) | (hours_0 & 0x0f);
 338:	85 b3       	in	r24, 0x15	; 21
 33a:	20 91 72 00 	lds	r18, 0x0072	; 0x800072 <hours_0>
 33e:	30 91 73 00 	lds	r19, 0x0073	; 0x800073 <hours_0+0x1>
 342:	80 7f       	andi	r24, 0xF0	; 240
 344:	2f 70       	andi	r18, 0x0F	; 15
 346:	82 2b       	or	r24, r18
 348:	85 bb       	out	0x15, r24	; 21
_delay_ms():
c:\users\hassan\appdata\local\arduino15\packages\arduino\tools\avr-gcc\7.3.0-atmel3.6.1-arduino7\avr\include\util/delay.h:187
 34a:	8f e8       	ldi	r24, 0x8F	; 143
 34c:	91 e0       	ldi	r25, 0x01	; 1
 34e:	01 97       	sbiw	r24, 0x01	; 1
 350:	f1 f7       	brne	.-4      	; 0x34e <main+0xd2>
 352:	00 c0       	rjmp	.+0      	; 0x354 <main+0xd8>
 354:	00 00       	nop
main():
C:\Users\Hassan\Documents\Arduino\ff/ff.ino:168
	_delay_ms(0.1);
  PORTA &= ~(1<<PA1);
 356:	d9 98       	cbi	0x1b, 1	; 27
C:\Users\Hassan\Documents\Arduino\ff/ff.ino:170
	
	PORTA |= (1<<2);
 358:	da 9a       	sbi	0x1b, 2	; 27
C:\Users\Hassan\Documents\Arduino\ff/ff.ino:171
	PORTC = (PORTC & 0xf0) | (mins_1 & 0x0f);
 35a:	85 b3       	in	r24, 0x15	; 21
 35c:	20 91 70 00 	lds	r18, 0x0070	; 0x800070 <mins_1>
 360:	30 91 71 00 	lds	r19, 0x0071	; 0x800071 <mins_1+0x1>
 364:	80 7f       	andi	r24, 0xF0	; 240
 366:	2f 70       	andi	r18, 0x0F	; 15
 368:	82 2b       	or	r24, r18
 36a:	85 bb       	out	0x15, r24	; 21
_delay_ms():
c:\users\hassan\appdata\local\arduino15\packages\arduino\tools\avr-gcc\7.3.0-atmel3.6.1-arduino7\avr\include\util/delay.h:187
 36c:	8f e8       	ldi	r24, 0x8F	; 143
 36e:	91 e0       	ldi	r25, 0x01	; 1
 370:	01 97       	sbiw	r24, 0x01	; 1
 372:	f1 f7       	brne	.-4      	; 0x370 <main+0xf4>
 374:	00 c0       	rjmp	.+0      	; 0x376 <main+0xfa>
 376:	00 00       	nop
main():
C:\Users\Hassan\Documents\Arduino\ff/ff.ino:173
	_delay_ms(0.1);
  PORTA &= ~(1<<PA2);
 378:	da 98       	cbi	0x1b, 2	; 27
C:\Users\Hassan\Documents\Arduino\ff/ff.ino:175
	
	PORTA |= (1<<3);
 37a:	db 9a       	sbi	0x1b, 3	; 27
C:\Users\Hassan\Documents\Arduino\ff/ff.ino:176
	PORTC = (PORTC & 0xf0) | (mins_0 & 0x0f);
 37c:	85 b3       	in	r24, 0x15	; 21
 37e:	20 91 6e 00 	lds	r18, 0x006E	; 0x80006e <mins_0>
 382:	30 91 6f 00 	lds	r19, 0x006F	; 0x80006f <mins_0+0x1>
 386:	80 7f       	andi	r24, 0xF0	; 240
 388:	2f 70       	andi	r18, 0x0F	; 15
 38a:	82 2b       	or	r24, r18
 38c:	85 bb       	out	0x15, r24	; 21
_delay_ms():
c:\users\hassan\appdata\local\arduino15\packages\arduino\tools\avr-gcc\7.3.0-atmel3.6.1-arduino7\avr\include\util/delay.h:187
 38e:	8f e8       	ldi	r24, 0x8F	; 143
 390:	91 e0       	ldi	r25, 0x01	; 1
 392:	01 97       	sbiw	r24, 0x01	; 1
 394:	f1 f7       	brne	.-4      	; 0x392 <main+0x116>
 396:	00 c0       	rjmp	.+0      	; 0x398 <main+0x11c>
 398:	00 00       	nop
main():
C:\Users\Hassan\Documents\Arduino\ff/ff.ino:178
	_delay_ms(0.1);
  PORTA &= ~(1<<PA3);
 39a:	db 98       	cbi	0x1b, 3	; 27
C:\Users\Hassan\Documents\Arduino\ff/ff.ino:180
	
	PORTA |= (1<<4);
 39c:	dc 9a       	sbi	0x1b, 4	; 27
C:\Users\Hassan\Documents\Arduino\ff/ff.ino:181
	PORTC = (PORTC & 0xf0) | (secs_1 & 0x0f);
 39e:	85 b3       	in	r24, 0x15	; 21
 3a0:	20 91 6c 00 	lds	r18, 0x006C	; 0x80006c <secs_1>
 3a4:	30 91 6d 00 	lds	r19, 0x006D	; 0x80006d <secs_1+0x1>
 3a8:	80 7f       	andi	r24, 0xF0	; 240
 3aa:	2f 70       	andi	r18, 0x0F	; 15
 3ac:	82 2b       	or	r24, r18
 3ae:	85 bb       	out	0x15, r24	; 21
_delay_ms():
c:\users\hassan\appdata\local\arduino15\packages\arduino\tools\avr-gcc\7.3.0-atmel3.6.1-arduino7\avr\include\util/delay.h:187
 3b0:	8f e8       	ldi	r24, 0x8F	; 143
 3b2:	91 e0       	ldi	r25, 0x01	; 1
 3b4:	01 97       	sbiw	r24, 0x01	; 1
 3b6:	f1 f7       	brne	.-4      	; 0x3b4 <main+0x138>
 3b8:	00 c0       	rjmp	.+0      	; 0x3ba <main+0x13e>
 3ba:	00 00       	nop
main():
C:\Users\Hassan\Documents\Arduino\ff/ff.ino:183
	_delay_ms(0.1);
  PORTA &= ~(1<<PA4);
 3bc:	dc 98       	cbi	0x1b, 4	; 27
C:\Users\Hassan\Documents\Arduino\ff/ff.ino:185
	
	PORTA |= (1<<5);
 3be:	dd 9a       	sbi	0x1b, 5	; 27
C:\Users\Hassan\Documents\Arduino\ff/ff.ino:186
	PORTC = (PORTC & 0xf0) | (secs_0 & 0x0f);
 3c0:	85 b3       	in	r24, 0x15	; 21
 3c2:	20 91 6a 00 	lds	r18, 0x006A	; 0x80006a <secs_0>
 3c6:	30 91 6b 00 	lds	r19, 0x006B	; 0x80006b <secs_0+0x1>
 3ca:	80 7f       	andi	r24, 0xF0	; 240
 3cc:	2f 70       	andi	r18, 0x0F	; 15
 3ce:	82 2b       	or	r24, r18
 3d0:	85 bb       	out	0x15, r24	; 21
_delay_ms():
c:\users\hassan\appdata\local\arduino15\packages\arduino\tools\avr-gcc\7.3.0-atmel3.6.1-arduino7\avr\include\util/delay.h:187
 3d2:	8f e8       	ldi	r24, 0x8F	; 143
 3d4:	91 e0       	ldi	r25, 0x01	; 1
 3d6:	01 97       	sbiw	r24, 0x01	; 1
 3d8:	f1 f7       	brne	.-4      	; 0x3d6 <main+0x15a>
 3da:	00 c0       	rjmp	.+0      	; 0x3dc <main+0x160>
 3dc:	00 00       	nop
main():
C:\Users\Hassan\Documents\Arduino\ff/ff.ino:188
	_delay_ms(0.1);
  PORTA &= ~(1<<PA5);
 3de:	dd 98       	cbi	0x1b, 5	; 27
C:\Users\Hassan\Documents\Arduino\ff/ff.ino:201
    PORTB &= ~(1<<PB0);
    
    TIMER0_PWM(0);
  }

  if(PINB & (1<<PB5))
 3e0:	b5 9b       	sbis	0x16, 5	; 22
 3e2:	23 c0       	rjmp	.+70     	; 0x42a <__LOCK_REGION_LENGTH__+0x2a>
C:\Users\Hassan\Documents\Arduino\ff/ff.ino:203
  {
    PORTB &= ~((1<<PB0) | (1<<PB1));
 3e4:	88 b3       	in	r24, 0x18	; 24
 3e6:	8c 7f       	andi	r24, 0xFC	; 252
 3e8:	88 bb       	out	0x18, r24	; 24
C:\Users\Hassan\Documents\Arduino\ff/ff.ino:204
    speed = 0;
 3ea:	10 92 61 00 	sts	0x0061, r1	; 0x800061 <__DATA_REGION_ORIGIN__+0x1>
 3ee:	10 92 60 00 	sts	0x0060, r1	; 0x800060 <__DATA_REGION_ORIGIN__>
C:\Users\Hassan\Documents\Arduino\ff/ff.ino:205
    TIMER0_PWM(0);
 3f2:	90 e0       	ldi	r25, 0x00	; 0
 3f4:	80 e0       	ldi	r24, 0x00	; 0
 3f6:	0e 94 49 00 	call	0x92	; 0x92 <TIMER0_PWM(int)>
C:\Users\Hassan\Documents\Arduino\ff/ff.ino:206
    TCCR1B &= ~((1<<CS12) | (1<<CS10));
 3fa:	8e b5       	in	r24, 0x2e	; 46
 3fc:	8a 7f       	andi	r24, 0xFA	; 250
 3fe:	8e bd       	out	0x2e, r24	; 46
C:\Users\Hassan\Documents\Arduino\ff/ff.ino:207
    TCCR0 &= ~(1<<CS01);
 400:	83 b7       	in	r24, 0x33	; 51
 402:	8d 7f       	andi	r24, 0xFD	; 253
C:\Users\Hassan\Documents\Arduino\ff/ff.ino:216
  {
    PORTB |= (1<<PB0);
    speed = 130;
    TIMER0_PWM(speed);
    TCCR1B |= ((1<<CS12) | (1<<CS10));
    TCCR0 |= (1<<CS01);
 404:	83 bf       	out	0x33, r24	; 51
 406:	78 cf       	rjmp	.-272    	; 0x2f8 <main+0x7c>
C:\Users\Hassan\Documents\Arduino\ff/ff.ino:191
	PORTC = (PORTC & 0xf0) | (secs_0 & 0x0f);
	_delay_ms(0.1);
  PORTA &= ~(1<<PA5);
	}

  else if(PIR_Flag == 0)
 408:	80 91 76 00 	lds	r24, 0x0076	; 0x800076 <PIR_Flag>
 40c:	90 91 77 00 	lds	r25, 0x0077	; 0x800077 <PIR_Flag+0x1>
 410:	89 2b       	or	r24, r25
 412:	31 f7       	brne	.-52     	; 0x3e0 <main+0x164>
C:\Users\Hassan\Documents\Arduino\ff/ff.ino:194
  {

    PORTA = 0x00;
 414:	1b ba       	out	0x1b, r1	; 27
C:\Users\Hassan\Documents\Arduino\ff/ff.ino:195
    counter = 0;
 416:	10 92 69 00 	sts	0x0069, r1	; 0x800069 <counter+0x1>
 41a:	10 92 68 00 	sts	0x0068, r1	; 0x800068 <counter>
C:\Users\Hassan\Documents\Arduino\ff/ff.ino:196
    PORTB &= ~(1<<PB0);
 41e:	c0 98       	cbi	0x18, 0	; 24
C:\Users\Hassan\Documents\Arduino\ff/ff.ino:198
    
    TIMER0_PWM(0);
 420:	90 e0       	ldi	r25, 0x00	; 0
 422:	80 e0       	ldi	r24, 0x00	; 0
 424:	0e 94 49 00 	call	0x92	; 0x92 <TIMER0_PWM(int)>
 428:	db cf       	rjmp	.-74     	; 0x3e0 <main+0x164>
C:\Users\Hassan\Documents\Arduino\ff/ff.ino:210
    TIMER0_PWM(0);
    TCCR1B &= ~((1<<CS12) | (1<<CS10));
    TCCR0 &= ~(1<<CS01);
    
  }
  else if(PINB & (1<<PB4))
 42a:	b4 9b       	sbis	0x16, 4	; 22
 42c:	65 cf       	rjmp	.-310    	; 0x2f8 <main+0x7c>
C:\Users\Hassan\Documents\Arduino\ff/ff.ino:212
  {
    PORTB |= (1<<PB0);
 42e:	c0 9a       	sbi	0x18, 0	; 24
C:\Users\Hassan\Documents\Arduino\ff/ff.ino:213
    speed = 130;
 430:	d0 93 61 00 	sts	0x0061, r29	; 0x800061 <__DATA_REGION_ORIGIN__+0x1>
 434:	c0 93 60 00 	sts	0x0060, r28	; 0x800060 <__DATA_REGION_ORIGIN__>
C:\Users\Hassan\Documents\Arduino\ff/ff.ino:214
    TIMER0_PWM(speed);
 438:	82 e8       	ldi	r24, 0x82	; 130
 43a:	90 e0       	ldi	r25, 0x00	; 0
 43c:	0e 94 49 00 	call	0x92	; 0x92 <TIMER0_PWM(int)>
C:\Users\Hassan\Documents\Arduino\ff/ff.ino:215
    TCCR1B |= ((1<<CS12) | (1<<CS10));
 440:	8e b5       	in	r24, 0x2e	; 46
 442:	85 60       	ori	r24, 0x05	; 5
 444:	8e bd       	out	0x2e, r24	; 46
C:\Users\Hassan\Documents\Arduino\ff/ff.ino:216
    TCCR0 |= (1<<CS01);
 446:	83 b7       	in	r24, 0x33	; 51
 448:	82 60       	ori	r24, 0x02	; 2
 44a:	dc cf       	rjmp	.-72     	; 0x404 <__LOCK_REGION_LENGTH__+0x4>

0000044c <__udivmodhi4>:
__udivmodhi4():
/home/jenkins-mingw32/workspace/avr-gcc-staging/label/Ubuntu14.04x64-mingw32/gcc-build/avr/avr5/libgcc/../../../../gcc/libgcc/config/avr/lib1funcs.S:1408
 44c:	aa 1b       	sub	r26, r26
/home/jenkins-mingw32/workspace/avr-gcc-staging/label/Ubuntu14.04x64-mingw32/gcc-build/avr/avr5/libgcc/../../../../gcc/libgcc/config/avr/lib1funcs.S:1409
 44e:	bb 1b       	sub	r27, r27
/home/jenkins-mingw32/workspace/avr-gcc-staging/label/Ubuntu14.04x64-mingw32/gcc-build/avr/avr5/libgcc/../../../../gcc/libgcc/config/avr/lib1funcs.S:1410
 450:	51 e1       	ldi	r21, 0x11	; 17
/home/jenkins-mingw32/workspace/avr-gcc-staging/label/Ubuntu14.04x64-mingw32/gcc-build/avr/avr5/libgcc/../../../../gcc/libgcc/config/avr/lib1funcs.S:1411
 452:	07 c0       	rjmp	.+14     	; 0x462 <__udivmodhi4_ep>

00000454 <__udivmodhi4_loop>:
/home/jenkins-mingw32/workspace/avr-gcc-staging/label/Ubuntu14.04x64-mingw32/gcc-build/avr/avr5/libgcc/../../../../gcc/libgcc/config/avr/lib1funcs.S:1413
 454:	aa 1f       	adc	r26, r26
/home/jenkins-mingw32/workspace/avr-gcc-staging/label/Ubuntu14.04x64-mingw32/gcc-build/avr/avr5/libgcc/../../../../gcc/libgcc/config/avr/lib1funcs.S:1414
 456:	bb 1f       	adc	r27, r27
/home/jenkins-mingw32/workspace/avr-gcc-staging/label/Ubuntu14.04x64-mingw32/gcc-build/avr/avr5/libgcc/../../../../gcc/libgcc/config/avr/lib1funcs.S:1415
 458:	a6 17       	cp	r26, r22
/home/jenkins-mingw32/workspace/avr-gcc-staging/label/Ubuntu14.04x64-mingw32/gcc-build/avr/avr5/libgcc/../../../../gcc/libgcc/config/avr/lib1funcs.S:1416
 45a:	b7 07       	cpc	r27, r23
/home/jenkins-mingw32/workspace/avr-gcc-staging/label/Ubuntu14.04x64-mingw32/gcc-build/avr/avr5/libgcc/../../../../gcc/libgcc/config/avr/lib1funcs.S:1417
 45c:	10 f0       	brcs	.+4      	; 0x462 <__udivmodhi4_ep>
/home/jenkins-mingw32/workspace/avr-gcc-staging/label/Ubuntu14.04x64-mingw32/gcc-build/avr/avr5/libgcc/../../../../gcc/libgcc/config/avr/lib1funcs.S:1418
 45e:	a6 1b       	sub	r26, r22
/home/jenkins-mingw32/workspace/avr-gcc-staging/label/Ubuntu14.04x64-mingw32/gcc-build/avr/avr5/libgcc/../../../../gcc/libgcc/config/avr/lib1funcs.S:1419
 460:	b7 0b       	sbc	r27, r23

00000462 <__udivmodhi4_ep>:
/home/jenkins-mingw32/workspace/avr-gcc-staging/label/Ubuntu14.04x64-mingw32/gcc-build/avr/avr5/libgcc/../../../../gcc/libgcc/config/avr/lib1funcs.S:1421
 462:	88 1f       	adc	r24, r24
/home/jenkins-mingw32/workspace/avr-gcc-staging/label/Ubuntu14.04x64-mingw32/gcc-build/avr/avr5/libgcc/../../../../gcc/libgcc/config/avr/lib1funcs.S:1422
 464:	99 1f       	adc	r25, r25
/home/jenkins-mingw32/workspace/avr-gcc-staging/label/Ubuntu14.04x64-mingw32/gcc-build/avr/avr5/libgcc/../../../../gcc/libgcc/config/avr/lib1funcs.S:1423
 466:	5a 95       	dec	r21
/home/jenkins-mingw32/workspace/avr-gcc-staging/label/Ubuntu14.04x64-mingw32/gcc-build/avr/avr5/libgcc/../../../../gcc/libgcc/config/avr/lib1funcs.S:1424
 468:	a9 f7       	brne	.-22     	; 0x454 <__udivmodhi4_loop>
/home/jenkins-mingw32/workspace/avr-gcc-staging/label/Ubuntu14.04x64-mingw32/gcc-build/avr/avr5/libgcc/../../../../gcc/libgcc/config/avr/lib1funcs.S:1425
 46a:	80 95       	com	r24
/home/jenkins-mingw32/workspace/avr-gcc-staging/label/Ubuntu14.04x64-mingw32/gcc-build/avr/avr5/libgcc/../../../../gcc/libgcc/config/avr/lib1funcs.S:1426
 46c:	90 95       	com	r25
/home/jenkins-mingw32/workspace/avr-gcc-staging/label/Ubuntu14.04x64-mingw32/gcc-build/avr/avr5/libgcc/../../../../gcc/libgcc/config/avr/lib1funcs.S:1428
 46e:	bc 01       	movw	r22, r24
/home/jenkins-mingw32/workspace/avr-gcc-staging/label/Ubuntu14.04x64-mingw32/gcc-build/avr/avr5/libgcc/../../../../gcc/libgcc/config/avr/lib1funcs.S:1430
 470:	cd 01       	movw	r24, r26
/home/jenkins-mingw32/workspace/avr-gcc-staging/label/Ubuntu14.04x64-mingw32/gcc-build/avr/avr5/libgcc/../../../../gcc/libgcc/config/avr/lib1funcs.S:1432
 472:	08 95       	ret

00000474 <_exit>:
exit():
/home/jenkins-mingw32/workspace/avr-gcc-staging/label/Ubuntu14.04x64-mingw32/gcc-build/avr/avr5/libgcc/../../../../gcc/libgcc/config/avr/lib1funcs.S:2278
 474:	f8 94       	cli

00000476 <__stop_program>:
__stop_program():
/home/jenkins-mingw32/workspace/avr-gcc-staging/label/Ubuntu14.04x64-mingw32/gcc-build/avr/avr5/libgcc/../../../../gcc/libgcc/config/avr/lib1funcs.S:2280
 476:	ff cf       	rjmp	.-2      	; 0x476 <__stop_program>
